<?xml version="1.0" encoding="UTF-8"?>
<!-- Generated by org.testng.reporters.JUnitReportReporter -->
<testsuite hostname="ojt6-PC" name="driverFactory.DriverScript" tests="1" failures="0" timestamp="1 Feb 2020 08:31:32 GMT" time="143.041" errors="0">
  <testcase name="f" time="143.041" classname="driverFactory.DriverScript"/>
</testsuite> <!-- driverFactory.DriverScript -->
